[
  {
    "level": "INFO",
    "message": "android.ndkVersion from module build.gradle is not set"
  },
  {
    "level": "INFO",
    "message": "ndk.dir in local.properties is /Users/senrsl/android/android-ndk-r14b"
  },
  {
    "level": "INFO",
    "message": "ANDROID_NDK_HOME environment variable is not set"
  },
  {
    "level": "INFO",
    "message": "sdkFolder is /Users/senrsl/android/sdkas"
  },
  {
    "level": "INFO",
    "message": "Considering /Users/senrsl/android/android-ndk-r14b by ndk.dir"
  },
  {
    "level": "INFO",
    "message": "Considering /Users/senrsl/android/sdkas/ndk-bundle in SDK ndk-bundle folder"
  },
  {
    "level": "INFO",
    "message": "Considering /Users/senrsl/android/sdkas/ndk/21.3.6528147 in SDK ndk folder"
  },
  {
    "level": "INFO",
    "message": "Rejected /Users/senrsl/android/sdkas/ndk-bundle in SDK ndk-bundle folder because that location has no source.properties"
  },
  {
    "level": "INFO",
    "message": "Found requested ndk.dir (/Users/senrsl/android/android-ndk-r14b) which has version 14.1.3816874"
  }
]